<?xml version="1.0" encoding="UTF-8"?>
<testng-results ignored="0" total="6" passed="6" failed="0" skipped="0">
    <reporter-output>
    </reporter-output>
    <suite started-at="2019-09-18T16:34:49 EEST" name="Default Suite" finished-at="2019-09-18T16:36:57 EEST"
           duration-ms="128288">
        <groups>
        </groups>
        <test started-at="2019-09-18T16:34:49 EEST" name="uitests" finished-at="2019-09-18T16:36:57 EEST"
              duration-ms="128288">
            <class name="SearchTests">
                <test-method is-config="true" signature="beforeSuite()[pri:0, instance:SearchTests@24b1d79b]"
                             started-at="2019-09-18T16:36:40 EEST" name="beforeSuite"
                             finished-at="2019-09-18T16:36:52 EEST" duration-ms="12180" status="PASS">
                    <reporter-output>
                    </reporter-output>
                </test-method> <!-- beforeSuite -->
                <test-method signature="SearchByAutocomplete()[pri:0, instance:SearchTests@24b1d79b]"
                             started-at="2019-09-18T16:36:52 EEST" name="SearchByAutocomplete"
                             finished-at="2019-09-18T16:36:56 EEST" duration-ms="4209" status="PASS">
                    <reporter-output>
                    </reporter-output>
                </test-method> <!-- SearchByAutocomplete -->
                <test-method is-config="true"
                             signature="screenShot(org.testng.ITestResult)[pri:0, instance:SearchTests@24b1d79b]"
                             started-at="2019-09-18T16:36:56 EEST" name="screenShot"
                             finished-at="2019-09-18T16:36:57 EEST" duration-ms="723" status="PASS">
                    <params>
                        <param index="0">
                            <value>
                                <![CDATA[[TestResult name=SearchByAutocomplete status=SUCCESS method=SearchTests.SearchByAutocomplete()[pri:0, instance:SearchTests@24b1d79b] output={null}]]]>
                            </value>
                        </param>
                    </params>
                    <reporter-output>
                    </reporter-output>
                </test-method> <!-- screenShot -->
            </class> <!-- SearchTests -->
            <class name="ProductChekoutTest">
                <test-method is-config="true" signature="beforeSuite()[pri:0, instance:ProductChekoutTest@3b94d659]"
                             started-at="2019-09-18T16:36:09 EEST" name="beforeSuite"
                             finished-at="2019-09-18T16:36:21 EEST" duration-ms="12114" status="PASS">
                    <reporter-output>
                    </reporter-output>
                </test-method> <!-- beforeSuite -->
                <test-method signature="ProductCheckout()[pri:0, instance:ProductChekoutTest@3b94d659]"
                             started-at="2019-09-18T16:36:21 EEST" name="ProductCheckout"
                             finished-at="2019-09-18T16:36:39 EEST" duration-ms="17993" status="PASS">
                    <reporter-output>
                    </reporter-output>
                </test-method> <!-- ProductCheckout -->
                <test-method is-config="true"
                             signature="screenShot(org.testng.ITestResult)[pri:0, instance:ProductChekoutTest@3b94d659]"
                             started-at="2019-09-18T16:36:39 EEST" name="screenShot"
                             finished-at="2019-09-18T16:36:40 EEST" duration-ms="718" status="PASS">
                    <params>
                        <param index="0">
                            <value>
                                <![CDATA[[TestResult name=ProductCheckout status=SUCCESS method=ProductChekoutTest.ProductCheckout()[pri:0, instance:ProductChekoutTest@3b94d659] output={null}]]]>
                            </value>
                        </param>
                    </params>
                    <reporter-output>
                    </reporter-output>
                </test-method> <!-- screenShot -->
            </class> <!-- ProductChekoutTest -->
            <class name="LoginTests">
                <test-method is-config="true" signature="beforeSuite()[pri:0, instance:LoginTests@52525845]"
                             started-at="2019-09-18T16:34:49 EEST" name="beforeSuite"
                             finished-at="2019-09-18T16:35:02 EEST" duration-ms="12903" status="PASS">
                    <reporter-output>
                    </reporter-output>
                </test-method> <!-- beforeSuite -->
                <test-method signature="ForgotPassword()[pri:0, instance:LoginTests@52525845]"
                             started-at="2019-09-18T16:35:02 EEST" name="ForgotPassword"
                             finished-at="2019-09-18T16:35:05 EEST" duration-ms="3439" status="PASS">
                    <reporter-output>
                    </reporter-output>
                </test-method> <!-- ForgotPassword -->
                <test-method is-config="true"
                             signature="screenShot(org.testng.ITestResult)[pri:0, instance:LoginTests@52525845]"
                             started-at="2019-09-18T16:35:05 EEST" name="screenShot"
                             finished-at="2019-09-18T16:35:06 EEST" duration-ms="843" status="PASS">
                    <params>
                        <param index="0">
                            <value>
                                <![CDATA[[TestResult name=ForgotPassword status=SUCCESS method=LoginTests.ForgotPassword()[pri:0, instance:LoginTests@52525845] output={null}]]]>
                            </value>
                        </param>
                    </params>
                    <reporter-output>
                    </reporter-output>
                </test-method> <!-- screenShot -->
                <test-method is-config="true" signature="beforeSuite()[pri:0, instance:LoginTests@52525845]"
                             started-at="2019-09-18T16:35:06 EEST" name="beforeSuite"
                             finished-at="2019-09-18T16:35:18 EEST" duration-ms="12030" status="PASS">
                    <reporter-output>
                    </reporter-output>
                </test-method> <!-- beforeSuite -->
                <test-method signature="InvalidLogin()[pri:0, instance:LoginTests@52525845]"
                             started-at="2019-09-18T16:35:18 EEST" name="InvalidLogin"
                             finished-at="2019-09-18T16:35:21 EEST" duration-ms="2708" status="PASS">
                    <reporter-output>
                    </reporter-output>
                </test-method> <!-- InvalidLogin -->
                <test-method is-config="true"
                             signature="screenShot(org.testng.ITestResult)[pri:0, instance:LoginTests@52525845]"
                             started-at="2019-09-18T16:35:21 EEST" name="screenShot"
                             finished-at="2019-09-18T16:35:21 EEST" duration-ms="707" status="PASS">
                    <params>
                        <param index="0">
                            <value>
                                <![CDATA[[TestResult name=InvalidLogin status=SUCCESS method=LoginTests.InvalidLogin()[pri:0, instance:LoginTests@52525845] output={null}]]]>
                            </value>
                        </param>
                    </params>
                    <reporter-output>
                    </reporter-output>
                </test-method> <!-- screenShot -->
                <test-method is-config="true" signature="beforeSuite()[pri:0, instance:LoginTests@52525845]"
                             started-at="2019-09-18T16:35:21 EEST" name="beforeSuite"
                             finished-at="2019-09-18T16:35:33 EEST" duration-ms="12016" status="PASS">
                    <reporter-output>
                    </reporter-output>
                </test-method> <!-- beforeSuite -->
                <test-method signature="UserRegistration()[pri:0, instance:LoginTests@52525845]"
                             started-at="2019-09-18T16:35:33 EEST" name="UserRegistration"
                             finished-at="2019-09-18T16:35:41 EEST" duration-ms="7228" status="PASS">
                    <reporter-output>
                    </reporter-output>
                </test-method> <!-- UserRegistration -->
                <test-method is-config="true"
                             signature="screenShot(org.testng.ITestResult)[pri:0, instance:LoginTests@52525845]"
                             started-at="2019-09-18T16:35:41 EEST" name="screenShot"
                             finished-at="2019-09-18T16:35:41 EEST" duration-ms="695" status="PASS">
                    <params>
                        <param index="0">
                            <value>
                                <![CDATA[[TestResult name=UserRegistration status=SUCCESS method=LoginTests.UserRegistration()[pri:0, instance:LoginTests@52525845] output={null}]]]>
                            </value>
                        </param>
                    </params>
                    <reporter-output>
                    </reporter-output>
                </test-method> <!-- screenShot -->
                <test-method is-config="true" signature="beforeSuite()[pri:0, instance:LoginTests@52525845]"
                             started-at="2019-09-18T16:35:41 EEST" name="beforeSuite"
                             finished-at="2019-09-18T16:35:57 EEST" duration-ms="15210" status="PASS">
                    <reporter-output>
                    </reporter-output>
                </test-method> <!-- beforeSuite -->
                <test-method signature="ValidLogin()[pri:0, instance:LoginTests@52525845]"
                             started-at="2019-09-18T16:35:57 EEST" name="ValidLogin"
                             finished-at="2019-09-18T16:36:08 EEST" duration-ms="11811" status="PASS">
                    <reporter-output>
                    </reporter-output>
                </test-method> <!-- ValidLogin -->
                <test-method is-config="true"
                             signature="screenShot(org.testng.ITestResult)[pri:0, instance:LoginTests@52525845]"
                             started-at="2019-09-18T16:36:08 EEST" name="screenShot"
                             finished-at="2019-09-18T16:36:09 EEST" duration-ms="709" status="PASS">
                    <params>
                        <param index="0">
                            <value>
                                <![CDATA[[TestResult name=ValidLogin status=SUCCESS method=LoginTests.ValidLogin()[pri:0, instance:LoginTests@52525845] output={null}]]]>
                            </value>
                        </param>
                    </params>
                    <reporter-output>
                    </reporter-output>
                </test-method> <!-- screenShot -->
            </class> <!-- LoginTests -->
        </test> <!-- uitests -->
    </suite> <!-- Default Suite -->
</testng-results>
