<?xml version="1.0" encoding="UTF-8"?>
<!-- Generated by org.testng.reporters.JUnitXMLReporter -->
<testsuite ignored="0" hostname="P5RO-PORT1256" failures="0" tests="6" name="uitests" time="128.288" errors="0"
           timestamp="2019-09-18T16:36:57 EEST">
    <testcase classname="LoginTests" name="ForgotPassword" time="3.439"/>
    <testcase classname="LoginTests" name="InvalidLogin" time="2.708"/>
    <testcase classname="LoginTests" name="UserRegistration" time="7.228"/>
    <testcase classname="LoginTests" name="ValidLogin" time="11.811"/>
    <testcase classname="ProductChekoutTest" name="ProductCheckout" time="17.993"/>
    <testcase classname="SearchTests" name="SearchByAutocomplete" time="4.209"/>
</testsuite> <!-- uitests -->
